
**** Build of configuration Debug for project Contador ****

"D:\\Softwares\\ti\\ccs1200\\ccs\\utils\\bin\\gmake" -k -j 8 all -O 
 
Building file: "../main.c"
Invoking: MSP430 Compiler
"D:/Softwares/ti/ccs1200/ccs/tools/compiler/ti-cgt-msp430_21.6.0.LTS/bin/cl430" -vmsp --use_hw_mpy=none --include_path="D:/Softwares/ti/ccs1200/ccs/ccs_base/msp430/include" --include_path="C:/Users/tickc/OneDrive/Documentos/UTFPR/7 Periodo/Sistemas Microcontrolados/Contador" --include_path="D:/Softwares/ti/ccs1200/ccs/tools/compiler/ti-cgt-msp430_21.6.0.LTS/include" --advice:power=all --define=__MSP430G2553__ -g --printf_support=minimal --diag_warning=225 --diag_wrap=off --display_error_number --preproc_with_compile --preproc_dependency="main.d_raw"  "../main.c"
 
>> Compilation failure
subdir_rules.mk:9: recipe for target 'main.obj' failed
"../main.c", line 34: warning #225-D: function "start_p1" declared implicitly
"../main.c", line 35: warning #225-D: function "start_p2" declared implicitly
"../main.c", line 38: warning #225-D: function "mostra_digito" declared implicitly
"../main.c", line 44: warning #161-D: declaration is incompatible with previous "mostra_digito" (declared at line 38)
"../main.c", line 47: error #159: expression must be an integral constant expression
"../main.c", line 85: error #159: expression must be an integral constant expression
2 errors detected in the compilation of "../main.c".
gmake: *** [main.obj] Error 1
gmake: Target 'all' not remade because of errors.

**** Build Finished ****

**** Build of configuration Debug for project Contador ****

"D:\\Softwares\\ti\\ccs1200\\ccs\\utils\\bin\\gmake" -k -j 8 all -O 
 
Building file: "../main.c"
Invoking: MSP430 Compiler
"D:/Softwares/ti/ccs1200/ccs/tools/compiler/ti-cgt-msp430_21.6.0.LTS/bin/cl430" -vmsp --use_hw_mpy=none --include_path="D:/Softwares/ti/ccs1200/ccs/ccs_base/msp430/include" --include_path="C:/Users/tickc/OneDrive/Documentos/UTFPR/7 Periodo/Sistemas Microcontrolados/Contador" --include_path="D:/Softwares/ti/ccs1200/ccs/tools/compiler/ti-cgt-msp430_21.6.0.LTS/include" --advice:power=all --define=__MSP430G2553__ -g --printf_support=minimal --diag_warning=225 --diag_wrap=off --display_error_number --preproc_with_compile --preproc_dependency="main.d_raw"  "../main.c"
"../main.c", line 34: warning #225-D: function "start_p1" declared implicitly
"../main.c", line 35: warning #225-D: function "start_p2" declared implicitly
"../main.c", line 38: warning #225-D: function "mostra_digito" declared implicitly
"../main.c", line 44: warning #161-D: declaration is incompatible with previous "mostra_digito" (declared at line 38)
Finished building: "../main.c"
 
Building target: "Contador.out"
Invoking: MSP430 Linker
"D:/Softwares/ti/ccs1200/ccs/tools/compiler/ti-cgt-msp430_21.6.0.LTS/bin/cl430" -vmsp --use_hw_mpy=none --advice:power=all --define=__MSP430G2553__ -g --printf_support=minimal --diag_warning=225 --diag_wrap=off --display_error_number -z -m"Contador.map" --heap_size=80 --stack_size=80 -i"D:/Softwares/ti/ccs1200/ccs/ccs_base/msp430/include" -i"D:/Softwares/ti/ccs1200/ccs/tools/compiler/ti-cgt-msp430_21.6.0.LTS/lib" -i"D:/Softwares/ti/ccs1200/ccs/tools/compiler/ti-cgt-msp430_21.6.0.LTS/include" --reread_libs --diag_wrap=off --display_error_number --warn_sections --xml_link_info="Contador_linkInfo.xml" --use_hw_mpy=none --rom_model -o "Contador.out" "./main.obj" "../lnk_msp430g2553.cmd"  -llibc.a 
<Linking>
 
 undefined first referenced
  symbol       in file     
remark #10371-D: (ULP 1.1) Detected no uses of low power mode state changing instructions
 --------- ----------------
remark #10372-D: (ULP 4.1) Detected uninitialized Port 3 in this project. Recommend initializing all unused ports to eliminate wasted current consumption on unused pins.
 
>> Compilation failure
makefile:141: recipe for target 'Contador.out' failed
 start_p1  ./main.obj      
 start_p2  ./main.obj      
 
error #10234-D: unresolved symbols remain
error #10010: errors encountered during linking; "Contador.out" not built
gmake[1]: *** [Contador.out] Error 1
gmake: *** [all] Error 2
makefile:137: recipe for target 'all' failed

**** Build Finished ****

**** Build of configuration Debug for project Contador ****

"D:\\Softwares\\ti\\ccs1200\\ccs\\utils\\bin\\gmake" -k -j 8 all -O 
 
Building file: "../main.c"
Invoking: MSP430 Compiler
"D:/Softwares/ti/ccs1200/ccs/tools/compiler/ti-cgt-msp430_21.6.0.LTS/bin/cl430" -vmsp --use_hw_mpy=none --include_path="D:/Softwares/ti/ccs1200/ccs/ccs_base/msp430/include" --include_path="C:/Users/tickc/OneDrive/Documentos/UTFPR/7 Periodo/Sistemas Microcontrolados/Contador" --include_path="D:/Softwares/ti/ccs1200/ccs/tools/compiler/ti-cgt-msp430_21.6.0.LTS/include" --advice:power=all --define=__MSP430G2553__ -g --printf_support=minimal --diag_warning=225 --diag_wrap=off --display_error_number --preproc_with_compile --preproc_dependency="main.d_raw"  "../main.c"
"../main.c", line 34: warning #225-D: function "ini_p1" declared implicitly
"../main.c", line 35: warning #225-D: function "ini_p2" declared implicitly
"../main.c", line 38: warning #225-D: function "mostra_digito" declared implicitly
"../main.c", line 44: warning #161-D: declaration is incompatible with previous "mostra_digito" (declared at line 38)
"../main.c", line 125: warning #161-D: declaration is incompatible with previous "ini_p1" (declared at line 34)
"../main.c", line 136: warning #161-D: declaration is incompatible with previous "ini_p2" (declared at line 35)
Finished building: "../main.c"
 
Building target: "Contador.out"
Invoking: MSP430 Linker
"D:/Softwares/ti/ccs1200/ccs/tools/compiler/ti-cgt-msp430_21.6.0.LTS/bin/cl430" -vmsp --use_hw_mpy=none --advice:power=all --define=__MSP430G2553__ -g --printf_support=minimal --diag_warning=225 --diag_wrap=off --display_error_number -z -m"Contador.map" --heap_size=80 --stack_size=80 -i"D:/Softwares/ti/ccs1200/ccs/ccs_base/msp430/include" -i"D:/Softwares/ti/ccs1200/ccs/tools/compiler/ti-cgt-msp430_21.6.0.LTS/lib" -i"D:/Softwares/ti/ccs1200/ccs/tools/compiler/ti-cgt-msp430_21.6.0.LTS/include" --reread_libs --diag_wrap=off --display_error_number --warn_sections --xml_link_info="Contador_linkInfo.xml" --use_hw_mpy=none --rom_model -o "Contador.out" "./main.obj" "../lnk_msp430g2553.cmd"  -llibc.a 
<Linking>
remark #10371-D: (ULP 1.1) Detected no uses of low power mode state changing instructions
remark #10372-D: (ULP 4.1) Detected uninitialized Port 3 in this project. Recommend initializing all unused ports to eliminate wasted current consumption on unused pins.
Finished building target: "Contador.out"
 

**** Build Finished ****

**** Build of configuration Debug for project Contador ****

"D:\\Softwares\\ti\\ccs1200\\ccs\\utils\\bin\\gmake" -k -j 8 all -O 
 
Building file: "../main.c"
Invoking: MSP430 Compiler
"D:/Softwares/ti/ccs1200/ccs/tools/compiler/ti-cgt-msp430_21.6.0.LTS/bin/cl430" -vmsp --use_hw_mpy=none --include_path="D:/Softwares/ti/ccs1200/ccs/ccs_base/msp430/include" --include_path="C:/Users/tickc/OneDrive/Documentos/UTFPR/7 Periodo/Sistemas Microcontrolados/Contador" --include_path="D:/Softwares/ti/ccs1200/ccs/tools/compiler/ti-cgt-msp430_21.6.0.LTS/include" --advice:power=all --define=__MSP430G2553__ -g --printf_support=minimal --diag_warning=225 --diag_wrap=off --display_error_number --preproc_with_compile --preproc_dependency="main.d_raw"  "../main.c"
"../main.c", line 35: warning #225-D: function "ini_p1" declared implicitly
"../main.c", line 36: warning #225-D: function "ini_p2" declared implicitly
"../main.c", line 126: warning #161-D: declaration is incompatible with previous "ini_p1" (declared at line 35)
"../main.c", line 137: warning #161-D: declaration is incompatible with previous "ini_p2" (declared at line 36)
Finished building: "../main.c"
 
Building target: "Contador.out"
Invoking: MSP430 Linker
"D:/Softwares/ti/ccs1200/ccs/tools/compiler/ti-cgt-msp430_21.6.0.LTS/bin/cl430" -vmsp --use_hw_mpy=none --advice:power=all --define=__MSP430G2553__ -g --printf_support=minimal --diag_warning=225 --diag_wrap=off --display_error_number -z -m"Contador.map" --heap_size=80 --stack_size=80 -i"D:/Softwares/ti/ccs1200/ccs/ccs_base/msp430/include" -i"D:/Softwares/ti/ccs1200/ccs/tools/compiler/ti-cgt-msp430_21.6.0.LTS/lib" -i"D:/Softwares/ti/ccs1200/ccs/tools/compiler/ti-cgt-msp430_21.6.0.LTS/include" --reread_libs --diag_wrap=off --display_error_number --warn_sections --xml_link_info="Contador_linkInfo.xml" --use_hw_mpy=none --rom_model -o "Contador.out" "./main.obj" "../lnk_msp430g2553.cmd"  -llibc.a 
<Linking>
remark #10371-D: (ULP 1.1) Detected no uses of low power mode state changing instructions
remark #10372-D: (ULP 4.1) Detected uninitialized Port 3 in this project. Recommend initializing all unused ports to eliminate wasted current consumption on unused pins.
Finished building target: "Contador.out"
 

**** Build Finished ****

**** Build of configuration Debug for project Contador ****

"D:\\Softwares\\ti\\ccs1200\\ccs\\utils\\bin\\gmake" -k -j 8 all -O 
 
Building file: "../main.c"
Invoking: MSP430 Compiler
"D:/Softwares/ti/ccs1200/ccs/tools/compiler/ti-cgt-msp430_21.6.0.LTS/bin/cl430" -vmsp --use_hw_mpy=none --include_path="D:/Softwares/ti/ccs1200/ccs/ccs_base/msp430/include" --include_path="C:/Users/tickc/OneDrive/Documentos/UTFPR/7 Periodo/Sistemas Microcontrolados/Contador" --include_path="D:/Softwares/ti/ccs1200/ccs/tools/compiler/ti-cgt-msp430_21.6.0.LTS/include" --advice:power=all --define=__MSP430G2553__ -g --printf_support=minimal --diag_warning=225 --diag_wrap=off --display_error_number --preproc_with_compile --preproc_dependency="main.d_raw"  "../main.c"
Finished building: "../main.c"
 
Building target: "Contador.out"
Invoking: MSP430 Linker
"D:/Softwares/ti/ccs1200/ccs/tools/compiler/ti-cgt-msp430_21.6.0.LTS/bin/cl430" -vmsp --use_hw_mpy=none --advice:power=all --define=__MSP430G2553__ -g --printf_support=minimal --diag_warning=225 --diag_wrap=off --display_error_number -z -m"Contador.map" --heap_size=80 --stack_size=80 -i"D:/Softwares/ti/ccs1200/ccs/ccs_base/msp430/include" -i"D:/Softwares/ti/ccs1200/ccs/tools/compiler/ti-cgt-msp430_21.6.0.LTS/lib" -i"D:/Softwares/ti/ccs1200/ccs/tools/compiler/ti-cgt-msp430_21.6.0.LTS/include" --reread_libs --diag_wrap=off --display_error_number --warn_sections --xml_link_info="Contador_linkInfo.xml" --use_hw_mpy=none --rom_model -o "Contador.out" "./main.obj" "../lnk_msp430g2553.cmd"  -llibc.a 
<Linking>
remark #10371-D: (ULP 1.1) Detected no uses of low power mode state changing instructions
remark #10372-D: (ULP 4.1) Detected uninitialized Port 3 in this project. Recommend initializing all unused ports to eliminate wasted current consumption on unused pins.
Finished building target: "Contador.out"
 

**** Build Finished ****
